Arguments: 
  /usr/local/Cellar/node/9.3.0_1/bin/node /usr/local/Cellar/yarn/1.3.2/libexec/bin/yarn.js add shortcodes.css

PATH: 
  /usr/local/bin:/usr/bin:/bin:/usr/sbin:/sbin

Yarn version: 
  1.3.2

Node version: 
  9.3.0

Platform: 
  darwin x64

npm manifest: 
  {
    "name": "95e2fcb781a2616801da95f1bacd2f64",
    "version": "1.0.0",
    "main": "index.js",
    "license": "MIT",
    "dependencies": {
      "ev-emitter": "^1.1.1",
      "font-awesome.css": "^4.7.2",
      "get-style-property": "^0.1.1",
      "jquery": "^3.3.1"
    }
  }

yarn manifest: 
  No manifest

Lockfile: 
  # THIS IS AN AUTOGENERATED FILE. DO NOT EDIT THIS FILE DIRECTLY.
  # yarn lockfile v1
  
  
  ev-emitter@^1.1.1:
    version "1.1.1"
    resolved "http://registry.npm.taobao.org/ev-emitter/download/ev-emitter-1.1.1.tgz#8f18b0ce5c76a5d18017f71c0a795c65b9138f2a"
  
  font-awesome.css@^4.7.2:
    version "4.7.2"
    resolved "http://registry.npm.taobao.org/font-awesome.css/download/font-awesome.css-4.7.2.tgz#075a42011428f2027254ef69860c757ab816c952"
  
  get-style-property@^0.1.1:
    version "0.1.1"
    resolved "http://registry.npm.taobao.org/get-style-property/download/get-style-property-0.1.1.tgz#407f83613de630bdd438d9d2274eb5c479b06ade"
  
  jquery@^3.3.1:
    version "3.3.1"
    resolved "http://registry.npm.taobao.org/jquery/download/jquery-3.3.1.tgz#958ce29e81c9790f31be7792df5d4d95fc57fbca"

Trace: 
  Error: https://registry.npm.taobao.org/shortcodes.css: Not found
      at Request.params.callback [as _callback] (/usr/local/Cellar/yarn/1.3.2/libexec/lib/cli.js:62098:18)
      at Request.self.callback (/usr/local/Cellar/yarn/1.3.2/libexec/lib/cli.js:123085:22)
      at Request.emit (events.js:159:13)
      at Request.<anonymous> (/usr/local/Cellar/yarn/1.3.2/libexec/lib/cli.js:124068:10)
      at Request.emit (events.js:159:13)
      at IncomingMessage.<anonymous> (/usr/local/Cellar/yarn/1.3.2/libexec/lib/cli.js:123988:12)
      at Object.onceWrapper (events.js:254:19)
      at IncomingMessage.emit (events.js:164:20)
      at endReadableNT (_stream_readable.js:1062:12)
      at process._tickCallback (internal/process/next_tick.js:152:19)
